Using pre-set license
Built from '2020.3/staging' branch; Version is '2020.3.21f1 (a38c86f6690f) revision 10718342'; Using compiler version '192528614'; Build Type 'Release'
OS: 'Windows 10 Home; OS build 19043.2130; Version 2009; 64bit' Language: 'en' Physical Memory: 15732 MB
BatchMode: 1, IsHumanControllingUs: 0, StartBugReporterOnCrash: 0, Is64bit: 1, IsPro: 0

COMMAND LINE ARGUMENTS:
C:\Program Files\Unity Versions\2020.3.21f1\Editor\Unity.exe
-adb2
-batchMode
-noUpm
-name
AssetImportWorker0
-projectPath
C:/Users/eljuk/source/keuzedeel-games
-logFile
Logs/AssetImportWorker0.log
-srvPort
56370
Successfully changed project path to: C:/Users/eljuk/source/keuzedeel-games
C:/Users/eljuk/source/keuzedeel-games
Using Asset Import Pipeline V2.
Refreshing native plugins compatible for Editor in 66.33 ms, found 3 plugins.
Preloading 0 native plugins for Editor in 0.00 ms.
Initialize engine version: 2020.3.21f1 (a38c86f6690f)
[Subsystems] Discovering subsystems at path C:/Program Files/Unity Versions/2020.3.21f1/Editor/Data/Resources/UnitySubsystems
[Subsystems] Discovering subsystems at path C:/Users/eljuk/source/keuzedeel-games/Assets
GfxDevice: creating device client; threaded=0
Direct3D:
    Version:  Direct3D 11.0 [level 11.1]
    Renderer: NVIDIA GeForce GTX 1650 Ti (ID=0x1f95)
    Vendor:   
    VRAM:     3962 MB
    Driver:   30.0.15.1278
Initialize mono
Mono path[0] = 'C:/Program Files/Unity Versions/2020.3.21f1/Editor/Data/Managed'
Mono path[1] = 'C:/Program Files/Unity Versions/2020.3.21f1/Editor/Data/MonoBleedingEdge/lib/mono/unityjit'
Mono config path = 'C:/Program Files/Unity Versions/2020.3.21f1/Editor/Data/MonoBleedingEdge/etc'
Using monoOptions --debugger-agent=transport=dt_socket,embedding=1,server=y,suspend=n,address=127.0.0.1:56928
Begin MonoManager ReloadAssembly
Registering precompiled unity dll's ...
Register platform support module: C:/Program Files/Unity Versions/2020.3.21f1/Editor/Data/PlaybackEngines/WindowsStandaloneSupport/UnityEditor.WindowsStandalone.Extensions.dll
Registered in 0.001808 seconds.
Native extension for WindowsStandalone target not found
Refreshing native plugins compatible for Editor in 105.12 ms, found 3 plugins.
Preloading 0 native plugins for Editor in 0.00 ms.
Mono: successfully reloaded assembly
- Completed reload, in  1.257 seconds
Domain Reload Profiling:
	ReloadAssembly (1257ms)
		BeginReloadAssembly (76ms)
			ExecutionOrderSort (0ms)
			DisableScriptedObjects (0ms)
			BackupInstance (0ms)
			ReleaseScriptingObjects (0ms)
			CreateAndSetChildDomain (1ms)
		EndReloadAssembly (529ms)
			LoadAssemblies (74ms)
			RebuildTransferFunctionScriptingTraits (0ms)
			SetupTypeCache (161ms)
			ReleaseScriptCaches (0ms)
			RebuildScriptCaches (32ms)
			SetupLoadedEditorAssemblies (236ms)
				LogAssemblyErrors (0ms)
				InitializePlatformSupportModulesInManaged (4ms)
				SetLoadedEditorAssemblies (0ms)
				RefreshPlugins (105ms)
				BeforeProcessingInitializeOnLoad (11ms)
				ProcessInitializeOnLoadAttributes (85ms)
				ProcessInitializeOnLoadMethodAttributes (30ms)
				AfterProcessingInitializeOnLoad (0ms)
				EditorAssembliesLoaded (0ms)
			ExecutionOrderSort2 (0ms)
			AwakeInstancesAfterBackupRestoration (0ms)
Platform modules already initialized, skipping
Registering precompiled user dll's ...
Registered in 0.006691 seconds.
Begin MonoManager ReloadAssembly
Native extension for WindowsStandalone target not found
Refreshing native plugins compatible for Editor in 66.72 ms, found 3 plugins.
Preloading 0 native plugins for Editor in 0.00 ms.
Mono: successfully reloaded assembly
- Completed reload, in  1.352 seconds
Domain Reload Profiling:
	ReloadAssembly (1353ms)
		BeginReloadAssembly (167ms)
			ExecutionOrderSort (0ms)
			DisableScriptedObjects (5ms)
			BackupInstance (0ms)
			ReleaseScriptingObjects (0ms)
			CreateAndSetChildDomain (19ms)
		EndReloadAssembly (1112ms)
			LoadAssemblies (118ms)
			RebuildTransferFunctionScriptingTraits (0ms)
			SetupTypeCache (381ms)
			ReleaseScriptCaches (1ms)
			RebuildScriptCaches (62ms)
			SetupLoadedEditorAssemblies (425ms)
				LogAssemblyErrors (0ms)
				InitializePlatformSupportModulesInManaged (4ms)
				SetLoadedEditorAssemblies (0ms)
				RefreshPlugins (67ms)
				BeforeProcessingInitializeOnLoad (101ms)
				ProcessInitializeOnLoadAttributes (217ms)
				ProcessInitializeOnLoadMethodAttributes (26ms)
				AfterProcessingInitializeOnLoad (10ms)
				EditorAssembliesLoaded (0ms)
			ExecutionOrderSort2 (0ms)
			AwakeInstancesAfterBackupRestoration (7ms)
Platform modules already initialized, skipping
========================================================================
Worker process is ready to serve import requests
Launched and connected shader compiler UnityShaderCompiler.exe after 0.05 seconds
Refreshing native plugins compatible for Editor in 0.68 ms, found 3 plugins.
Preloading 0 native plugins for Editor in 0.00 ms.
Unloading 3517 Unused Serialized files (Serialized files now loaded: 0)
System memory in use before: 151.2 MB.
System memory in use after: 151.4 MB.

Unloading 30 unused Assets to reduce memory usage. Loaded Objects now: 3950.
Total: 5.702200 ms (FindLiveObjects: 0.418200 ms CreateObjectMapping: 0.170000 ms MarkObjects: 5.008000 ms  DeleteObjects: 0.104100 ms)

AssetImportParameters requested are different than current active one (requested -> active):
  custom:framework-win-MediaFoundation: 216162199b28c13a410421893ffa2e32 -> 
  custom:video-decoder-ogg-theora: a1e56fd34408186e4bbccfd4996cb3dc -> 
  custom:container-muxer-webm: aa71ff27fc2769a1b78a27578f13a17b -> 
  custom:container-demuxer-webm: 4f35f7cbe854078d1ac9338744f61a02 -> 
  custom:container-demuxer-ogg: 62fdf1f143b41e24485cea50d1cbac27 -> 
  custom:video-encoder-webm-vp8: eb34c28f22e8b96e1ab97ce403110664 -> 
  custom:video-codec-MediaFoundation-h265: 746d11721c4dcdbdad8f713fa42b33f4 -> 
  custom:video-decoder-webm-vp8: 9c59270c3fd7afecdb556c50c9e8de78 -> 
  custom:audio-decoder-ogg-vorbis: bf7c407c2cedff20999df2af8eb42d56 -> 
  custom:audio-encoder-webm-vorbis: bf7c407c2cedff20999df2af8eb42d56 -> 
========================================================================
Received Import Request.
  path: Assets/Sprites/Tilemaps/8x8  Grey Grass Extra.png
  artifactKey: Guid(aa7726c56a9bbdb4da746644ac70b305) Importer(815301076,1909f56bfc062723c751e8b465ee728b)
Start importing Assets/Sprites/Tilemaps/8x8  Grey Grass Extra.png using Guid(aa7726c56a9bbdb4da746644ac70b305) Importer(815301076,1909f56bfc062723c751e8b465ee728b)  -> (artifact id: '85d02e8dce2364f2f806d0c04aa8dc52') in 0.118631 seconds 
  Import took 0.125122 seconds .

========================================================================
Received Import Request.
  Time since last request: 7.416075 seconds.
  path: Assets/Sprites/Tilemaps/8x8  Grey Grass Extra.png
  artifactKey: Guid(aa7726c56a9bbdb4da746644ac70b305) Importer(815301076,1909f56bfc062723c751e8b465ee728b)
Start importing Assets/Sprites/Tilemaps/8x8  Grey Grass Extra.png using Guid(aa7726c56a9bbdb4da746644ac70b305) Importer(815301076,1909f56bfc062723c751e8b465ee728b)  -> (artifact id: 'def1b9331a58ac2693f36e1039a0af78') in 0.013349 seconds 
  Import took 0.019081 seconds .

========================================================================
Received Import Request.
  Time since last request: 19.918823 seconds.
  path: Assets/Sprites/Tilemaps/8x8  Grey Grass Extra.png
  artifactKey: Guid(aa7726c56a9bbdb4da746644ac70b305) Importer(815301076,1909f56bfc062723c751e8b465ee728b)
Start importing Assets/Sprites/Tilemaps/8x8  Grey Grass Extra.png using Guid(aa7726c56a9bbdb4da746644ac70b305) Importer(815301076,1909f56bfc062723c751e8b465ee728b)  -> (artifact id: 'a68de5091eac6b290423272f6978ff35') in 0.086171 seconds 
  Import took 0.091261 seconds .

========================================================================
Received Import Request.
  Time since last request: 15.044250 seconds.
  path: Assets/Sprites/Tilemaps/SpriteAtlas.spriteatlas
  artifactKey: Guid(bd67c92a2afb1934686e6a6ed77e8ea1) Importer(815301076,1909f56bfc062723c751e8b465ee728b)
Start importing Assets/Sprites/Tilemaps/SpriteAtlas.spriteatlas using Guid(bd67c92a2afb1934686e6a6ed77e8ea1) Importer(815301076,1909f56bfc062723c751e8b465ee728b)  -> (artifact id: '21b892c46d7afc786eae89e0b0d7f795') in 0.014354 seconds 
  Import took 0.020474 seconds .

========================================================================
Received Import Request.
  Time since last request: 20.637131 seconds.
  path: Assets/Sprites/Tilemaps/8x8  Grey Grass Extra_0.asset
  artifactKey: Guid(77335267aed13cc4a9a751d6521d3c2a) Importer(815301076,1909f56bfc062723c751e8b465ee728b)
Start importing Assets/Sprites/Tilemaps/8x8  Grey Grass Extra_0.asset using Guid(77335267aed13cc4a9a751d6521d3c2a) Importer(815301076,1909f56bfc062723c751e8b465ee728b)  -> (artifact id: 'd8c53415c4c20040f506cf5f54cbab12') in 0.058578 seconds 
  Import took 0.104087 seconds .

========================================================================
Received Import Request.
  Time since last request: 0.000260 seconds.
  path: Assets/Sprites/Tilemaps/8x8  Grey Grass Extra_3.asset
  artifactKey: Guid(b79e1468bc5ac5a4aa0f7543aa5db9d1) Importer(815301076,1909f56bfc062723c751e8b465ee728b)
Start importing Assets/Sprites/Tilemaps/8x8  Grey Grass Extra_3.asset using Guid(b79e1468bc5ac5a4aa0f7543aa5db9d1) Importer(815301076,1909f56bfc062723c751e8b465ee728b)  -> (artifact id: '9e94d9cf6c2179ed5ed66f6a9332f28a') in 0.017873 seconds 
  Import took 0.025017 seconds .

========================================================================
Received Import Request.
  Time since last request: 0.000262 seconds.
  path: Assets/Sprites/Tilemaps/8x8  Grey Grass Extra_6.asset
  artifactKey: Guid(a97f608ed1b458c4e871fb55df0664d1) Importer(815301076,1909f56bfc062723c751e8b465ee728b)
Start importing Assets/Sprites/Tilemaps/8x8  Grey Grass Extra_6.asset using Guid(a97f608ed1b458c4e871fb55df0664d1) Importer(815301076,1909f56bfc062723c751e8b465ee728b)  -> (artifact id: '354818be06490ea12a8f984d41b0e430') in 0.023461 seconds 
  Import took 0.032592 seconds .

========================================================================
Received Import Request.
  Time since last request: 0.000274 seconds.
  path: Assets/Sprites/Tilemaps/8x8  Grey Grass Extra_5.asset
  artifactKey: Guid(e66563a1ebfb7c74dad98e6a783df1c2) Importer(815301076,1909f56bfc062723c751e8b465ee728b)
Start importing Assets/Sprites/Tilemaps/8x8  Grey Grass Extra_5.asset using Guid(e66563a1ebfb7c74dad98e6a783df1c2) Importer(815301076,1909f56bfc062723c751e8b465ee728b)  -> (artifact id: 'bc8eae01b43e9df0ac8deb7b5abb0de2') in 0.017813 seconds 
  Import took 0.025292 seconds .

========================================================================
Received Import Request.
  Time since last request: 0.000273 seconds.
  path: Assets/Sprites/Tilemaps/8x8  Grey Grass Extra_7.asset
  artifactKey: Guid(b7fec1c741e1a7743a3bae02f39bb15f) Importer(815301076,1909f56bfc062723c751e8b465ee728b)
Start importing Assets/Sprites/Tilemaps/8x8  Grey Grass Extra_7.asset using Guid(b7fec1c741e1a7743a3bae02f39bb15f) Importer(815301076,1909f56bfc062723c751e8b465ee728b)  -> (artifact id: 'd2df9d5caf6d0d595985a7d4e7675242') in 0.015745 seconds 
  Import took 0.024437 seconds .

========================================================================
Received Import Request.
  Time since last request: 0.000212 seconds.
  path: Assets/Sprites/Tilemaps/8x8  Grey Grass Extra_8.asset
  artifactKey: Guid(7c9d2614f17b13e458b96f68c8a0190a) Importer(815301076,1909f56bfc062723c751e8b465ee728b)
Start importing Assets/Sprites/Tilemaps/8x8  Grey Grass Extra_8.asset using Guid(7c9d2614f17b13e458b96f68c8a0190a) Importer(815301076,1909f56bfc062723c751e8b465ee728b)  -> (artifact id: 'e570bc798e0c339b542e2d51d931bb7c') in 0.016596 seconds 
  Import took 0.023808 seconds .

========================================================================
Received Import Request.
  Time since last request: 0.000426 seconds.
  path: Assets/Sprites/Tilemaps/8x8  Grey Grass Extra_1.asset
  artifactKey: Guid(9bff1483b168b274fb9c2c9d0f735275) Importer(815301076,1909f56bfc062723c751e8b465ee728b)
Start importing Assets/Sprites/Tilemaps/8x8  Grey Grass Extra_1.asset using Guid(9bff1483b168b274fb9c2c9d0f735275) Importer(815301076,1909f56bfc062723c751e8b465ee728b)  -> (artifact id: '6b9f2ba3e5d492b6f55c5e8f84ea0e1e') in 0.023242 seconds 
  Import took 0.029968 seconds .

========================================================================
Received Import Request.
  Time since last request: 0.000244 seconds.
  path: Assets/Sprites/Tilemaps/8x8  Grey Grass Extra_2.asset
  artifactKey: Guid(9f7959c9e89cfbd409ba26dd7c68ac5b) Importer(815301076,1909f56bfc062723c751e8b465ee728b)
Start importing Assets/Sprites/Tilemaps/8x8  Grey Grass Extra_2.asset using Guid(9f7959c9e89cfbd409ba26dd7c68ac5b) Importer(815301076,1909f56bfc062723c751e8b465ee728b)  -> (artifact id: '2272dabb1b80105bfc03108c1e09cde8') in 0.031935 seconds 
  Import took 0.040359 seconds .

========================================================================
Received Import Request.
  Time since last request: 0.000196 seconds.
  path: Assets/Sprites/Tilemaps/8x8  Grey Grass Extra_4.asset
  artifactKey: Guid(6f59304d11ad7d6419606704c894d6d0) Importer(815301076,1909f56bfc062723c751e8b465ee728b)
Start importing Assets/Sprites/Tilemaps/8x8  Grey Grass Extra_4.asset using Guid(6f59304d11ad7d6419606704c894d6d0) Importer(815301076,1909f56bfc062723c751e8b465ee728b)  -> (artifact id: '477c34838c1b0ec9d107f0e847650268') in 0.023958 seconds 
  Import took 0.029623 seconds .

========================================================================
Received Import Request.
  Time since last request: 0.000232 seconds.
  path: Assets/Sprites/Tilemaps/8x8  Grey Grass Extra_9.asset
  artifactKey: Guid(fad0e91b5c684354d8e2d855ba654be7) Importer(815301076,1909f56bfc062723c751e8b465ee728b)
Start importing Assets/Sprites/Tilemaps/8x8  Grey Grass Extra_9.asset using Guid(fad0e91b5c684354d8e2d855ba654be7) Importer(815301076,1909f56bfc062723c751e8b465ee728b)  -> (artifact id: 'cc88ce1a63bd3f94273252ce4a4242ad') in 0.014794 seconds 
  Import took 0.022636 seconds .

========================================================================
Received Import Request.
  Time since last request: 0.000221 seconds.
  path: Assets/Sprites/Tilemaps/Palette.prefab
  artifactKey: Guid(208fdfb1f106e7045bcb5fdef57b4c90) Importer(815301076,1909f56bfc062723c751e8b465ee728b)
Start importing Assets/Sprites/Tilemaps/Palette.prefab using Guid(208fdfb1f106e7045bcb5fdef57b4c90) Importer(815301076,1909f56bfc062723c751e8b465ee728b)  -> (artifact id: 'f860707f4cea3b6500425a14101a521c') in 0.174295 seconds 
  Import took 0.181414 seconds .

========================================================================
Received Prepare
Registering precompiled user dll's ...
Registered in 0.008737 seconds.
Begin MonoManager ReloadAssembly
Native extension for WindowsStandalone target not found
Refreshing native plugins compatible for Editor in 0.86 ms, found 3 plugins.
Preloading 0 native plugins for Editor in 0.00 ms.
Mono: successfully reloaded assembly
- Completed reload, in  2.285 seconds
Domain Reload Profiling:
	ReloadAssembly (2285ms)
		BeginReloadAssembly (279ms)
			ExecutionOrderSort (0ms)
			DisableScriptedObjects (10ms)
			BackupInstance (0ms)
			ReleaseScriptingObjects (0ms)
			CreateAndSetChildDomain (93ms)
		EndReloadAssembly (1908ms)
			LoadAssemblies (175ms)
			RebuildTransferFunctionScriptingTraits (0ms)
			SetupTypeCache (691ms)
			ReleaseScriptCaches (2ms)
			RebuildScriptCaches (88ms)
			SetupLoadedEditorAssemblies (660ms)
				LogAssemblyErrors (0ms)
				InitializePlatformSupportModulesInManaged (6ms)
				SetLoadedEditorAssemblies (1ms)
				RefreshPlugins (1ms)
				BeforeProcessingInitializeOnLoad (270ms)
				ProcessInitializeOnLoadAttributes (349ms)
				ProcessInitializeOnLoadMethodAttributes (21ms)
				AfterProcessingInitializeOnLoad (11ms)
				EditorAssembliesLoaded (0ms)
			ExecutionOrderSort2 (0ms)
			AwakeInstancesAfterBackupRestoration (31ms)
Platform modules already initialized, skipping
Refreshing native plugins compatible for Editor in 1.68 ms, found 3 plugins.
Preloading 0 native plugins for Editor in 0.00 ms.
Unloading 3387 Unused Serialized files (Serialized files now loaded: 0)
System memory in use before: 147.4 MB.
System memory in use after: 147.6 MB.

Unloading 20 unused Assets to reduce memory usage. Loaded Objects now: 4004.
Total: 10.582400 ms (FindLiveObjects: 0.613000 ms CreateObjectMapping: 0.324500 ms MarkObjects: 9.577500 ms  DeleteObjects: 0.064300 ms)

AssetImportParameters requested are different than current active one (requested -> active):
  custom:framework-win-MediaFoundation: 216162199b28c13a410421893ffa2e32 -> 
  custom:video-decoder-ogg-theora: a1e56fd34408186e4bbccfd4996cb3dc -> 
  custom:container-muxer-webm: aa71ff27fc2769a1b78a27578f13a17b -> 
  custom:container-demuxer-webm: 4f35f7cbe854078d1ac9338744f61a02 -> 
  custom:container-demuxer-ogg: 62fdf1f143b41e24485cea50d1cbac27 -> 
  custom:video-encoder-webm-vp8: eb34c28f22e8b96e1ab97ce403110664 -> 
  custom:video-codec-MediaFoundation-h265: 746d11721c4dcdbdad8f713fa42b33f4 -> 
  custom:video-decoder-webm-vp8: 9c59270c3fd7afecdb556c50c9e8de78 -> 
  custom:audio-decoder-ogg-vorbis: bf7c407c2cedff20999df2af8eb42d56 -> 
  custom:audio-encoder-webm-vorbis: bf7c407c2cedff20999df2af8eb42d56 -> 
========================================================================
Received Prepare
Registering precompiled user dll's ...
Registered in 0.011173 seconds.
Begin MonoManager ReloadAssembly
Native extension for WindowsStandalone target not found
Refreshing native plugins compatible for Editor in 1.04 ms, found 3 plugins.
Preloading 0 native plugins for Editor in 0.00 ms.
Mono: successfully reloaded assembly
- Completed reload, in  1.969 seconds
Domain Reload Profiling:
	ReloadAssembly (1970ms)
		BeginReloadAssembly (191ms)
			ExecutionOrderSort (0ms)
			DisableScriptedObjects (9ms)
			BackupInstance (0ms)
			ReleaseScriptingObjects (0ms)
			CreateAndSetChildDomain (53ms)
		EndReloadAssembly (1679ms)
			LoadAssemblies (167ms)
			RebuildTransferFunctionScriptingTraits (0ms)
			SetupTypeCache (548ms)
			ReleaseScriptCaches (2ms)
			RebuildScriptCaches (77ms)
			SetupLoadedEditorAssemblies (628ms)
				LogAssemblyErrors (0ms)
				InitializePlatformSupportModulesInManaged (9ms)
				SetLoadedEditorAssemblies (1ms)
				RefreshPlugins (1ms)
				BeforeProcessingInitializeOnLoad (163ms)
				ProcessInitializeOnLoadAttributes (403ms)
				ProcessInitializeOnLoadMethodAttributes (31ms)
				AfterProcessingInitializeOnLoad (19ms)
				EditorAssembliesLoaded (0ms)
			ExecutionOrderSort2 (0ms)
			AwakeInstancesAfterBackupRestoration (40ms)
Platform modules already initialized, skipping
Refreshing native plugins compatible for Editor in 1.13 ms, found 3 plugins.
Preloading 0 native plugins for Editor in 0.00 ms.
Unloading 3387 Unused Serialized files (Serialized files now loaded: 0)
System memory in use before: 147.4 MB.
System memory in use after: 147.7 MB.

Unloading 19 unused Assets to reduce memory usage. Loaded Objects now: 4006.
Total: 5.860700 ms (FindLiveObjects: 0.376100 ms CreateObjectMapping: 0.136600 ms MarkObjects: 5.319300 ms  DeleteObjects: 0.026600 ms)

AssetImportParameters requested are different than current active one (requested -> active):
  custom:framework-win-MediaFoundation: 216162199b28c13a410421893ffa2e32 -> 
  custom:video-decoder-ogg-theora: a1e56fd34408186e4bbccfd4996cb3dc -> 
  custom:container-muxer-webm: aa71ff27fc2769a1b78a27578f13a17b -> 
  custom:container-demuxer-webm: 4f35f7cbe854078d1ac9338744f61a02 -> 
  custom:container-demuxer-ogg: 62fdf1f143b41e24485cea50d1cbac27 -> 
  custom:video-encoder-webm-vp8: eb34c28f22e8b96e1ab97ce403110664 -> 
  custom:video-codec-MediaFoundation-h265: 746d11721c4dcdbdad8f713fa42b33f4 -> 
  custom:video-decoder-webm-vp8: 9c59270c3fd7afecdb556c50c9e8de78 -> 
  custom:audio-decoder-ogg-vorbis: bf7c407c2cedff20999df2af8eb42d56 -> 
  custom:audio-encoder-webm-vorbis: bf7c407c2cedff20999df2af8eb42d56 -> 
AssetImportWorkerClient::OnTransportError - code=2 error=End of file
